127.0.0.1 - - [10/Mar/2025 14:44:08] "GET /html/watchlist.html HTTP/1.1" 200 -
127.0.0.1 - - [10/Mar/2025 14:44:08] "GET /saved_stock_info?category=Owned&refresh=false HTTP/1.1" 200 -
127.0.0.1 - - [10/Mar/2025 14:44:08] "GET /html/info.png HTTP/1.1" 200 -
127.0.0.1 - - [10/Mar/2025 14:44:08] "GET /saved_stock_info?category=Information%20Technology&refresh=false HTTP/1.1" 200 -
127.0.0.1 - - [10/Mar/2025 14:44:08] "GET /saved_stock_info?category=Industrials&refresh=false HTTP/1.1" 200 -
127.0.0.1 - - [10/Mar/2025 14:44:08] "GET /saved_stock_info?category=Energy%20%26%20Utilities&refresh=false HTTP/1.1" 200 -
127.0.0.1 - - [10/Mar/2025 14:44:08] "GET /saved_stock_info?category=Financial%20Services&refresh=false HTTP/1.1" 200 -
127.0.0.1 - - [10/Mar/2025 14:44:08] "GET /saved_stock_info?category=Healthcare&refresh=false HTTP/1.1" 200 -
127.0.0.1 - - [10/Mar/2025 14:44:08] "GET /saved_stock_info?category=Communication%20Services&refresh=false HTTP/1.1" 200 -
127.0.0.1 - - [10/Mar/2025 14:44:08] "GET /saved_stock_info?category=Real%20Estate&refresh=false HTTP/1.1" 200 -
127.0.0.1 - - [10/Mar/2025 14:44:08] "GET /saved_stock_info?category=Consumer%20Staples&refresh=false HTTP/1.1" 200 -
127.0.0.1 - - [10/Mar/2025 14:44:08] "GET /saved_stock_info?category=Consumer%20Discretionary&refresh=false HTTP/1.1" 200 -
2025-03-10 14:44:09,939 - DEBUG - Entering history()
2025-03-10 14:44:09,942 - DEBUG - ('CREATE TABLE IF NOT EXISTS "_kv" ("key" VARCHAR(255) NOT NULL PRIMARY KEY, "value" VARCHAR(255)) WITHOUT ROWID', [])
2025-03-10 14:44:09,943 - DEBUG - ('SELECT "t1"."key", "t1"."value" FROM "_kv" AS "t1" WHERE ("t1"."key" = ?) LIMIT ? OFFSET ?', ['AAPL', 1, 0])
2025-03-10 14:44:09,986 - DEBUG -  Entering history()
2025-03-10 14:44:09,986 - DEBUG - AAPL: Yahoo GET parameters: {'range': '1y', 'interval': '1d', 'includePrePost': False, 'events': 'div,splits,capitalGains'}
2025-03-10 14:44:09,986 - DEBUG -   Entering get()
2025-03-10 14:44:09,986 - DEBUG -    Entering _make_request()
2025-03-10 14:44:09,986 - DEBUG - url=https://query2.finance.yahoo.com/v8/finance/chart/AAPL
2025-03-10 14:44:09,986 - DEBUG - params={'range': '1y', 'interval': '1d', 'includePrePost': False, 'events': 'div,splits,capitalGains'}
2025-03-10 14:44:09,986 - DEBUG -     Entering _get_cookie_and_crumb()
2025-03-10 14:44:09,986 - DEBUG - cookie_mode = 'basic'
2025-03-10 14:44:09,986 - DEBUG -      Entering _get_cookie_and_crumb_basic()
2025-03-10 14:44:09,987 - DEBUG - ('CREATE TABLE IF NOT EXISTS "_cookieschema" ("strategy" VARCHAR(255) NOT NULL PRIMARY KEY, "fetch_date" DATETIME NOT NULL, "cookie_bytes" BLOB NOT NULL) WITHOUT ROWID', [])
2025-03-10 14:44:09,988 - DEBUG - ('SELECT "t1"."strategy", "t1"."fetch_date", "t1"."cookie_bytes" FROM "_cookieschema" AS "t1" WHERE ("t1"."strategy" = ?) LIMIT ? OFFSET ?', ['basic', 1, 0])
2025-03-10 14:44:09,988 - DEBUG - loaded persistent cookie
2025-03-10 14:44:09,988 - DEBUG - reusing cookie
2025-03-10 14:44:10,017 - DEBUG - Starting new HTTPS connection (1): query1.finance.yahoo.com:443
2025-03-10 14:44:10,103 - DEBUG - https://query1.finance.yahoo.com:443 "GET /v1/test/getcrumb HTTP/1.1" 200 11
2025-03-10 14:44:10,103 - DEBUG - crumb = '0mJXCCFI9gS'
2025-03-10 14:44:10,104 - DEBUG -      Exiting _get_cookie_and_crumb_basic()
2025-03-10 14:44:10,104 - DEBUG -     Exiting _get_cookie_and_crumb()
2025-03-10 14:44:10,107 - DEBUG - Starting new HTTPS connection (1): query2.finance.yahoo.com:443
2025-03-10 14:44:10,288 - DEBUG - https://query2.finance.yahoo.com:443 "GET /v8/finance/chart/AAPL?range=1y&interval=1d&includePrePost=False&events=div%2Csplits%2CcapitalGains&crumb=0mJXCCFI9gS HTTP/1.1" 200 None
2025-03-10 14:44:10,289 - DEBUG - response code=200
2025-03-10 14:44:10,290 - DEBUG -    Exiting _make_request()
2025-03-10 14:44:10,290 - DEBUG -   Exiting get()
2025-03-10 14:44:10,294 - DEBUG - AAPL: yfinance received OHLC data: 2024-03-11 13:30:00 -> 2025-03-10 19:44:09
2025-03-10 14:44:10,297 - DEBUG - AAPL: OHLC after cleaning: 2024-03-11 09:30:00-04:00 -> 2025-03-10 15:44:09-04:00
2025-03-10 14:44:10,305 - DEBUG - AAPL: OHLC after combining events: 2024-03-11 00:00:00-04:00 -> 2025-03-10 00:00:00-04:00
2025-03-10 14:44:10,311 - DEBUG - AAPL: yfinance returning OHLC: 2024-03-11 00:00:00-04:00 -> 2025-03-10 00:00:00-04:00
2025-03-10 14:44:10,311 - DEBUG -  Exiting history()
2025-03-10 14:44:10,311 - DEBUG - Exiting history()
2025-03-10 14:44:10,315 - DEBUG - get_raw_json(): https://query2.finance.yahoo.com/v10/finance/quoteSummary/AAPL
2025-03-10 14:44:10,315 - DEBUG - Entering get()
2025-03-10 14:44:10,315 - DEBUG -  Entering _make_request()
2025-03-10 14:44:10,315 - DEBUG - url=https://query2.finance.yahoo.com/v10/finance/quoteSummary/AAPL
2025-03-10 14:44:10,315 - DEBUG - params={'modules': 'financialData,quoteType,defaultKeyStatistics,assetProfile,summaryDetail', 'corsDomain': 'finance.yahoo.com', 'formatted': 'false', 'symbol': 'AAPL'}
2025-03-10 14:44:10,315 - DEBUG -   Entering _get_cookie_and_crumb()
2025-03-10 14:44:10,315 - DEBUG - cookie_mode = 'basic'
2025-03-10 14:44:10,315 - DEBUG -    Entering _get_cookie_and_crumb_basic()
2025-03-10 14:44:10,315 - DEBUG - reusing cookie
2025-03-10 14:44:10,315 - DEBUG - reusing crumb
2025-03-10 14:44:10,315 - DEBUG -    Exiting _get_cookie_and_crumb_basic()
2025-03-10 14:44:10,315 - DEBUG -   Exiting _get_cookie_and_crumb()
2025-03-10 14:44:10,408 - DEBUG - https://query2.finance.yahoo.com:443 "GET /v10/finance/quoteSummary/AAPL?modules=financialData%2CquoteType%2CdefaultKeyStatistics%2CassetProfile%2CsummaryDetail&corsDomain=finance.yahoo.com&formatted=false&symbol=AAPL&crumb=0mJXCCFI9gS HTTP/1.1" 200 3157
2025-03-10 14:44:10,409 - DEBUG - response code=200
2025-03-10 14:44:10,409 - DEBUG -  Exiting _make_request()
2025-03-10 14:44:10,409 - DEBUG - Exiting get()
2025-03-10 14:44:10,409 - DEBUG - get_raw_json(): https://query1.finance.yahoo.com/v7/finance/quote?
2025-03-10 14:44:10,409 - DEBUG - Entering get()
2025-03-10 14:44:10,409 - DEBUG -  Entering _make_request()
2025-03-10 14:44:10,409 - DEBUG - url=https://query1.finance.yahoo.com/v7/finance/quote?
2025-03-10 14:44:10,410 - DEBUG - params={'symbols': 'AAPL', 'formatted': 'false'}
2025-03-10 14:44:10,410 - DEBUG -   Entering _get_cookie_and_crumb()
2025-03-10 14:44:10,410 - DEBUG - cookie_mode = 'basic'
2025-03-10 14:44:10,410 - DEBUG -    Entering _get_cookie_and_crumb_basic()
2025-03-10 14:44:10,410 - DEBUG - reusing cookie
2025-03-10 14:44:10,410 - DEBUG - reusing crumb
2025-03-10 14:44:10,410 - DEBUG -    Exiting _get_cookie_and_crumb_basic()
2025-03-10 14:44:10,410 - DEBUG -   Exiting _get_cookie_and_crumb()
2025-03-10 14:44:10,479 - DEBUG - https://query1.finance.yahoo.com:443 "GET /v7/finance/quote?symbols=AAPL&formatted=false&crumb=0mJXCCFI9gS HTTP/1.1" 200 1128
2025-03-10 14:44:10,480 - DEBUG - response code=200
2025-03-10 14:44:10,480 - DEBUG -  Exiting _make_request()
2025-03-10 14:44:10,480 - DEBUG - Exiting get()
2025-03-10 14:44:10,482 - DEBUG - Entering get()
2025-03-10 14:44:10,482 - DEBUG -  Entering _make_request()
2025-03-10 14:44:10,482 - DEBUG - url=https://query1.finance.yahoo.com/ws/fundamentals-timeseries/v1/finance/timeseries/AAPL?symbol=AAPL&type=trailingPegRatio&period1=1725840000&period2=1741651200
2025-03-10 14:44:10,482 - DEBUG - params=None
2025-03-10 14:44:10,482 - DEBUG -   Entering _get_cookie_and_crumb()
2025-03-10 14:44:10,482 - DEBUG - cookie_mode = 'basic'
2025-03-10 14:44:10,483 - DEBUG -    Entering _get_cookie_and_crumb_basic()
2025-03-10 14:44:10,483 - DEBUG - reusing cookie
2025-03-10 14:44:10,483 - DEBUG - reusing crumb
2025-03-10 14:44:10,483 - DEBUG -    Exiting _get_cookie_and_crumb_basic()
2025-03-10 14:44:10,483 - DEBUG -   Exiting _get_cookie_and_crumb()
2025-03-10 14:44:10,553 - DEBUG - https://query1.finance.yahoo.com:443 "GET /ws/fundamentals-timeseries/v1/finance/timeseries/AAPL?symbol=AAPL&type=trailingPegRatio&period1=1725840000&period2=1741651200&crumb=0mJXCCFI9gS HTTP/1.1" 200 362
2025-03-10 14:44:10,554 - DEBUG - response code=200
2025-03-10 14:44:10,554 - DEBUG -  Exiting _make_request()
2025-03-10 14:44:10,555 - DEBUG - Exiting get()
